Arguments: 
  /home/mclayton/.nvm/versions/node/v16.3.0/bin/node /home/mclayton/.nvm/versions/node/v16.3.0/bin/yarn init

PATH: 
  /home/mclayton/.deno/bin:/home/mclayton/.cargo/bin:/home/mclayton/.deno/bin:/home/mclayton/.cargo/bin:/home/mclayton/.nvm/versions/node/v16.3.0/bin:/usr/lib64/ccache:/home/mclayton/.cargo/bin:/usr/local/bin:/usr/local/sbin:/usr/bin:/usr/sbin:/var/lib/snapd/snap/bin:/home/mclayton/.yarn/bin:/home/mclayton/.config/yarn/global/node_modules/.bin:/home/mclayton/.fzf/bin:/home/mclayton/.cargo/bin:/home/mclayton/projects/android-sdk-tools/tools//bin:/home/mclayton/projects/android-sdk-tools/tools//tools:/home/mclayton/.local/bin:/home/mclayton/bin:/usr/local/bin:/home/mclayton/.cargo/bin:/home/mclayton/.yarn/bin:/home/mclayton/.config/yarn/global/node_modules/.bin:/home/mclayton/.cargo/bin:/home/mclayton/projects/android-sdk-tools/tools//bin:/home/mclayton/projects/android-sdk-tools/tools//tools:/home/mclayton/.local/bin:/home/mclayton/bin:/usr/local/bin:/home/mclayton/.cargo/bin

Yarn version: 
  1.22.10

Node version: 
  16.3.0

Platform: 
  linux x64

Trace: 
  Error: canceled
      at Interface.<anonymous> (/home/mclayton/.nvm/versions/node/v16.3.0/lib/node_modules/yarn/lib/cli.js:136216:13)
      at Interface.emit (node:events:394:28)
      at Interface._ttyWrite (node:readline:1069:16)
      at ReadStream.onkeypress (node:readline:288:10)
      at ReadStream.emit (node:events:394:28)
      at emitKeys (node:internal/readline/utils:358:14)
      at emitKeys.next (<anonymous>)
      at ReadStream.onData (node:internal/readline/emitKeypressEvents:61:36)
      at ReadStream.emit (node:events:394:28)
      at addChunk (node:internal/streams/readable:312:12)

npm manifest: 
  No manifest

yarn manifest: 
  No manifest

Lockfile: 
  No lockfile
